f:\source\repos\cmake-learn\tinyorm\build\tinyorm\mysql4cpp\mysql4cpp.dir\debug\mysql4cpp.pdb
f:\source\repos\cmake-learn\tinyorm\build\tinyorm\mysql4cpp\mysql4cpp.dir\debug\timestamp.obj
f:\source\repos\cmake-learn\tinyorm\build\tinyorm\mysql4cpp\mysql4cpp.dir\debug\statement.obj
f:\source\repos\cmake-learn\tinyorm\build\tinyorm\mysql4cpp\mysql4cpp.dir\debug\sqlresult.obj
f:\source\repos\cmake-learn\tinyorm\build\tinyorm\mysql4cpp\mysql4cpp.dir\debug\sqlconn.obj
f:\source\repos\cmake-learn\tinyorm\build\tinyorm\mysql4cpp\mysql4cpp.dir\debug\result.obj
f:\source\repos\cmake-learn\tinyorm\build\tinyorm\mysql4cpp\mysql4cpp.dir\debug\preparedresult.obj
f:\source\repos\cmake-learn\tinyorm\build\tinyorm\mysql4cpp\mysql4cpp.dir\debug\database.obj
f:\source\repos\cmake-learn\tinyorm\build\tinyorm\mysql4cpp\mysql4cpp.dir\debug\connectionpool.obj
f:\source\repos\cmake-learn\tinyorm\build\tinyorm\mysql4cpp\mysql4cpp.dir\debug\common.obj
f:\source\repos\cmake-learn\tinyorm\build\tinyorm\mysql4cpp\cmakefiles\generate.stamp
f:\source\repos\cmake-learn\tinyorm\build\tinyorm\mysql4cpp\debug\mysql4cpp.lib
f:\source\repos\cmake-learn\tinyorm\build\tinyorm\mysql4cpp\mysql4cpp.dir\debug\mysql4cpp.tlog\cl.command.1.tlog
f:\source\repos\cmake-learn\tinyorm\build\tinyorm\mysql4cpp\mysql4cpp.dir\debug\mysql4cpp.tlog\cl.read.1.tlog
f:\source\repos\cmake-learn\tinyorm\build\tinyorm\mysql4cpp\mysql4cpp.dir\debug\mysql4cpp.tlog\cl.write.1.tlog
f:\source\repos\cmake-learn\tinyorm\build\tinyorm\mysql4cpp\mysql4cpp.dir\debug\mysql4cpp.tlog\custombuild.command.1.tlog
f:\source\repos\cmake-learn\tinyorm\build\tinyorm\mysql4cpp\mysql4cpp.dir\debug\mysql4cpp.tlog\custombuild.read.1.tlog
f:\source\repos\cmake-learn\tinyorm\build\tinyorm\mysql4cpp\mysql4cpp.dir\debug\mysql4cpp.tlog\custombuild.write.1.tlog
f:\source\repos\cmake-learn\tinyorm\build\tinyorm\mysql4cpp\mysql4cpp.dir\debug\mysql4cpp.tlog\lib-link.read.1.tlog
f:\source\repos\cmake-learn\tinyorm\build\tinyorm\mysql4cpp\mysql4cpp.dir\debug\mysql4cpp.tlog\lib-link.write.1.tlog
f:\source\repos\cmake-learn\tinyorm\build\tinyorm\mysql4cpp\mysql4cpp.dir\debug\mysql4cpp.tlog\lib.command.1.tlog
